{"id":1,"jsonrpc":"2.0","method":"starknet_chainId","params":[]}
{"id":1,"jsonrpc":"2.0","method":"starknet_getBlockWithTxs","params":{"block_id":{"block_number":4}}}
{"id":1,"jsonrpc":"2.0","method":"starknet_getBlockWithTxHashes","params":{"block_id":{"block_number":3}}}
{"id":1,"jsonrpc":"2.0","method":"starknet_getBlockWithTxHashes","params":{"block_id":{"block_number":0}}}
{"id":1,"jsonrpc":"2.0","method":"starknet_traceBlockTransactions","params":{"block_id":{"block_number":4}}}
{"id":1,"jsonrpc":"2.0","method":"starknet_getClass","params":{"block_id":{"block_number":4},"class_hash":"0x2beadba1d1f8e38aa90d6311d620805aab89a252950424c419705ceb0d1c4fb"}}
{"id":1,"jsonrpc":"2.0","method":"starknet_getNonce","params":{"block_id":{"block_number":3},"contract_address":"0x1f401c745d3dba9b9da11921d1fb006c96f571e9039a0ece3f3b0dc14f04c3d"}}
{"id":1,"jsonrpc":"2.0","method":"starknet_getStorageAt","params":{"contract_address":"0x2e7442625bab778683501c0eadbc1ea17b3535da040a12ac7d281066e915eea","key":"0x67840c21d0d3cba9ed504d8867dffe868f3d43708cfc0d7ed7980b511850070","block_id":{"block_number":3}}}
{"id":1,"jsonrpc":"2.0","method":"starknet_getStorageAt","params":{"contract_address":"0x2e7442625bab778683501c0eadbc1ea17b3535da040a12ac7d281066e915eea","key":"0x67840c21d0d3cba9ed504d8867dffe868f3d43708cfc0d7ed7980b511850071","block_id":{"block_number":3}}}
{"id":1,"jsonrpc":"2.0","method":"starknet_getClassHashAt","params":{"block_id":{"block_number":3},"contract_address":"0x1f401c745d3dba9b9da11921d1fb006c96f571e9039a0ece3f3b0dc14f04c3d"}}
{"id":1,"jsonrpc":"2.0","method":"starknet_getClass","params":{"block_id":{"block_number":3},"class_hash":"0x7dc7899aa655b0aae51eadff6d801a58e97dd99cf4666ee59e704249e51adf2"}}
{"id":1,"jsonrpc":"2.0","method":"starknet_getStorageAt","params":{"contract_address":"0x1f401c745d3dba9b9da11921d1fb006c96f571e9039a0ece3f3b0dc14f04c3d","key":"0x1379ac0624b939ceb9dede92211d7db5ee174fe28be72245b0a1a2abd81c98f","block_id":{"block_number":3}}}
{"id":1,"jsonrpc":"2.0","method":"starknet_getClass","params":{"block_id":{"block_number":3},"class_hash":"0x2beadba1d1f8e38aa90d6311d620805aab89a252950424c419705ceb0d1c4fb"}}
{"id":1,"jsonrpc":"2.0","method":"starknet_getClassHashAt","params":{"block_id":{"block_number":3},"contract_address":"0x2e7442625bab778683501c0eadbc1ea17b3535da040a12ac7d281066e915eea"}}
{"id":1,"jsonrpc":"2.0","method":"starknet_getClass","params":{"block_id":{"block_number":3},"class_hash":"0xa2475bc66197c751d854ea8c39c6ad9781eb284103bcd856b58e6b500078ac"}}
{"id":1,"jsonrpc":"2.0","method":"starknet_getStorageAt","params":{"contract_address":"0x2e7442625bab778683501c0eadbc1ea17b3535da040a12ac7d281066e915eea","key":"0x7b62949c85c6af8a50c11c22927f9302f7a2e40bc93b4c988415915b0f97f09","block_id":{"block_number":3}}}
{"id":1,"jsonrpc":"2.0","method":"starknet_getStorageAt","params":{"contract_address":"0x2e7442625bab778683501c0eadbc1ea17b3535da040a12ac7d281066e915eea","key":"0x7b62949c85c6af8a50c11c22927f9302f7a2e40bc93b4c988415915b0f97f0a","block_id":{"block_number":3}}}
{"id":1,"jsonrpc":"2.0","method":"starknet_getStateUpdate","params":{"block_id":{"block_number":4}}}
{"id":1,"jsonrpc":"2.0","method":"starknet_getClassHashAt","params":{"block_id":{"block_number":3},"contract_address":"0x2e7442625bab778683501c0eadbc1ea17b3535da040a12ac7d281066e915eea"}}
{"id":1,"jsonrpc":"2.0","method":"starknet_getClassHashAt","params":{"block_id":{"block_number":4},"contract_address":"0x2e7442625bab778683501c0eadbc1ea17b3535da040a12ac7d281066e915eea"}}
{"id":1,"jsonrpc":"2.0","method":"starknet_getClassHashAt","params":{"block_id":{"block_number":3},"contract_address":"0x1f401c745d3dba9b9da11921d1fb006c96f571e9039a0ece3f3b0dc14f04c3d"}}
{"id":1,"jsonrpc":"2.0","method":"starknet_getClassHashAt","params":{"block_id":{"block_number":4},"contract_address":"0x1f401c745d3dba9b9da11921d1fb006c96f571e9039a0ece3f3b0dc14f04c3d"}}
{"id":1,"jsonrpc":"2.0","method":"starknet_getClass","params":{"block_id":{"block_number":3},"class_hash":"0xa2475bc66197c751d854ea8c39c6ad9781eb284103bcd856b58e6b500078ac"}}
{"id":1,"jsonrpc":"2.0","method":"starknet_getClass","params":{"block_id":{"block_number":4},"class_hash":"0xa2475bc66197c751d854ea8c39c6ad9781eb284103bcd856b58e6b500078ac"}}
{"id":1,"jsonrpc":"2.0","method":"starknet_getClass","params":{"block_id":{"block_number":3},"class_hash":"0x7dc7899aa655b0aae51eadff6d801a58e97dd99cf4666ee59e704249e51adf2"}}
{"id":1,"jsonrpc":"2.0","method":"starknet_getClass","params":{"block_id":{"block_number":4},"class_hash":"0x7dc7899aa655b0aae51eadff6d801a58e97dd99cf4666ee59e704249e51adf2"}}
{"id":1,"jsonrpc":"2.0","method":"starknet_getClass","params":{"block_id":{"block_number":4},"class_hash":"0x7dc7899aa655b0aae51eadff6d801a58e97dd99cf4666ee59e704249e51adf2"}}
{"id":1,"jsonrpc":"2.0","method":"starknet_getClass","params":{"block_id":{"block_number":4},"class_hash":"0xa2475bc66197c751d854ea8c39c6ad9781eb284103bcd856b58e6b500078ac"}}
{"id":1,"jsonrpc":"2.0","method":"starknet_getClass","params":{"block_id":{"block_number":4},"class_hash":"0x2beadba1d1f8e38aa90d6311d620805aab89a252950424c419705ceb0d1c4fb"}}
{"id":1,"jsonrpc":"2.0","method":"starknet_getStorageProof","params":{"block_id":{"block_number":4},"class_hashes":[],"contract_addresses":["0x2"],"contracts_storage_keys":[{"contract_address":"0x2","storage_keys":["0xa2475bc66197c751d854ea8c39c6ad9781eb284103bcd856b58e6b500078ac","0x67840c21d0d3cba9ed504d8867dffe868f3d43708cfc0d7ed7980b511850070","0x1f401c745d3dba9b9da11921d1fb006c96f571e9039a0ece3f3b0dc14f04c3d","0x2e7442625bab778683501c0eadbc1ea17b3535da040a12ac7d281066e915eea","0x0","0x7b62949c85c6af8a50c11c22927f9302f7a2e40bc93b4c988415915b0f97f09","0x7dc7899aa655b0aae51eadff6d801a58e97dd99cf4666ee59e704249e51adf2","0x1379ac0624b939ceb9dede92211d7db5ee174fe28be72245b0a1a2abd81c98f","0x67840c21d0d3cba9ed504d8867dffe868f3d43708cfc0d7ed7980b511850071","0x2beadba1d1f8e38aa90d6311d620805aab89a252950424c419705ceb0d1c4fb","0x7b62949c85c6af8a50c11c22927f9302f7a2e40bc93b4c988415915b0f97f0a"]}]}}
{"id":1,"jsonrpc":"2.0","method":"starknet_getStorageProof","params":{"block_id":{"block_number":4},"class_hashes":[],"contract_addresses":["0x2"],"contracts_storage_keys":[{"contract_address":"0x2","storage_keys":["0xb6ce5410fca59d078ee9b2a4371a9d684c530d697c64fbef0ae6d5e8f0ac72","0x7dd7240cedfebc99e07b3fc062abd0c5c51fbb2745835dd8599ff588148933a","0x67840c21d0d3cba9ed504d8867dffe868f3d43708cfc0d7ed7980b511850070","0x2feadba1d1f8e38aa90d6311d620805aab89a252950424c419705ceb0d1c4fb","0x7b62949c85c6af8a50c11c22927f9302f7a2e40bc93b4c988415915b0f97f09"]}]}}
{"id":1,"jsonrpc":"2.0","method":"starknet_getStorageProof","params":{"block_id":{"block_number":4},"class_hashes":[],"contract_addresses":["0x2e7442625bab778683501c0eadbc1ea17b3535da040a12ac7d281066e915eea"],"contracts_storage_keys":[{"contract_address":"0x2e7442625bab778683501c0eadbc1ea17b3535da040a12ac7d281066e915eea","storage_keys":["0x7b62949c85c6af8a50c11c22927f9302f7a2e40bc93b4c988415915b0f97f09","0x7b62949c85c6af8a50c11c22927f9302f7a2e40bc93b4c988415915b0f97f0a","0x67840c21d0d3cba9ed504d8867dffe868f3d43708cfc0d7ed7980b511850070","0x67840c21d0d3cba9ed504d8867dffe868f3d43708cfc0d7ed7980b511850071"]}]}}
{"id":1,"jsonrpc":"2.0","method":"starknet_getStorageProof","params":{"block_id":{"block_number":4},"class_hashes":[],"contract_addresses":["0x2e7442625bab778683501c0eadbc1ea17b3535da040a12ac7d281066e915eea"],"contracts_storage_keys":[{"contract_address":"0x2e7442625bab778683501c0eadbc1ea17b3535da040a12ac7d281066e915eea","storage_keys":["0x7b62949c85c6af8a50c11c22927f9302f7a2e40bc93b4c988415915b0f97f09","0x67840c21d0d3cba9ed504d8867dffe868f3d43708cfc0d7ed7980b511850070"]}]}}
{"id":1,"jsonrpc":"2.0","method":"starknet_getStorageProof","params":{"block_id":{"block_number":4},"class_hashes":[],"contract_addresses":["0x1"],"contracts_storage_keys":[{"contract_address":"0x1","storage_keys":["0x0"]}]}}
{"id":1,"jsonrpc":"2.0","method":"starknet_getStorageProof","params":{"block_id":{"block_number":4},"class_hashes":[],"contract_addresses":["0x1f401c745d3dba9b9da11921d1fb006c96f571e9039a0ece3f3b0dc14f04c3d"],"contracts_storage_keys":[{"contract_address":"0x1f401c745d3dba9b9da11921d1fb006c96f571e9039a0ece3f3b0dc14f04c3d","storage_keys":["0x1379ac0624b939ceb9dede92211d7db5ee174fe28be72245b0a1a2abd81c98f"]}]}}
{"id":1,"jsonrpc":"2.0","method":"starknet_getStorageProof","params":{"block_id":{"block_number":3},"class_hashes":[],"contract_addresses":["0x2"],"contracts_storage_keys":[{"contract_address":"0x2","storage_keys":["0xa2475bc66197c751d854ea8c39c6ad9781eb284103bcd856b58e6b500078ac","0x67840c21d0d3cba9ed504d8867dffe868f3d43708cfc0d7ed7980b511850070","0x1f401c745d3dba9b9da11921d1fb006c96f571e9039a0ece3f3b0dc14f04c3d","0x2e7442625bab778683501c0eadbc1ea17b3535da040a12ac7d281066e915eea","0x0","0x7b62949c85c6af8a50c11c22927f9302f7a2e40bc93b4c988415915b0f97f09","0x7dc7899aa655b0aae51eadff6d801a58e97dd99cf4666ee59e704249e51adf2","0x1379ac0624b939ceb9dede92211d7db5ee174fe28be72245b0a1a2abd81c98f","0x67840c21d0d3cba9ed504d8867dffe868f3d43708cfc0d7ed7980b511850071","0x2beadba1d1f8e38aa90d6311d620805aab89a252950424c419705ceb0d1c4fb","0x7b62949c85c6af8a50c11c22927f9302f7a2e40bc93b4c988415915b0f97f0a"]}]}}
{"id":1,"jsonrpc":"2.0","method":"starknet_getStorageProof","params":{"block_id":{"block_number":3},"class_hashes":[],"contract_addresses":["0x2"],"contracts_storage_keys":[{"contract_address":"0x2","storage_keys":["0xb6ce5410fca59d078ee9b2a4371a9d684c530d697c64fbef0ae6d5e8f0ac72","0x7dd7240cedfebc99e07b3fc062abd0c5c51fbb2745835dd8599ff588148933a","0x67840c21d0d3cba9ed504d8867dffe868f3d43708cfc0d7ed7980b511850070","0x2feadba1d1f8e38aa90d6311d620805aab89a252950424c419705ceb0d1c4fb","0x7b62949c85c6af8a50c11c22927f9302f7a2e40bc93b4c988415915b0f97f09"]}]}}
{"id":1,"jsonrpc":"2.0","method":"starknet_getStorageProof","params":{"block_id":{"block_number":3},"class_hashes":[],"contract_addresses":["0x2e7442625bab778683501c0eadbc1ea17b3535da040a12ac7d281066e915eea"],"contracts_storage_keys":[{"contract_address":"0x2e7442625bab778683501c0eadbc1ea17b3535da040a12ac7d281066e915eea","storage_keys":["0x7b62949c85c6af8a50c11c22927f9302f7a2e40bc93b4c988415915b0f97f09","0x7b62949c85c6af8a50c11c22927f9302f7a2e40bc93b4c988415915b0f97f0a","0x67840c21d0d3cba9ed504d8867dffe868f3d43708cfc0d7ed7980b511850070","0x67840c21d0d3cba9ed504d8867dffe868f3d43708cfc0d7ed7980b511850071"]}]}}
{"id":1,"jsonrpc":"2.0","method":"starknet_getStorageProof","params":{"block_id":{"block_number":3},"class_hashes":[],"contract_addresses":["0x2e7442625bab778683501c0eadbc1ea17b3535da040a12ac7d281066e915eea"],"contracts_storage_keys":[{"contract_address":"0x2e7442625bab778683501c0eadbc1ea17b3535da040a12ac7d281066e915eea","storage_keys":["0x7b62949c85c6af8a50c11c22927f9302f7a2e40bc93b4c988415915b0f97f09","0x67840c21d0d3cba9ed504d8867dffe868f3d43708cfc0d7ed7980b511850070"]}]}}
{"id":1,"jsonrpc":"2.0","method":"starknet_getStorageProof","params":{"block_id":{"block_number":3},"class_hashes":[],"contract_addresses":["0x1"],"contracts_storage_keys":[{"contract_address":"0x1","storage_keys":["0x0"]}]}}
{"id":1,"jsonrpc":"2.0","method":"starknet_getStorageProof","params":{"block_id":{"block_number":3},"class_hashes":[],"contract_addresses":["0x1f401c745d3dba9b9da11921d1fb006c96f571e9039a0ece3f3b0dc14f04c3d"],"contracts_storage_keys":[{"contract_address":"0x1f401c745d3dba9b9da11921d1fb006c96f571e9039a0ece3f3b0dc14f04c3d","storage_keys":["0x1379ac0624b939ceb9dede92211d7db5ee174fe28be72245b0a1a2abd81c98f"]}]}}
{"id":1,"jsonrpc":"2.0","method":"starknet_getStorageProof","params":{"block_id":{"block_number":4},"class_hashes":["0x7dc7899aa655b0aae51eadff6d801a58e97dd99cf4666ee59e704249e51adf2"],"contract_addresses":[],"contracts_storage_keys":[]}}
{"id":1,"jsonrpc":"2.0","method":"starknet_getStorageProof","params":{"block_id":{"block_number":4},"class_hashes":["0x2beadba1d1f8e38aa90d6311d620805aab89a252950424c419705ceb0d1c4fb"],"contract_addresses":[],"contracts_storage_keys":[]}}
{"id":1,"jsonrpc":"2.0","method":"starknet_getStorageProof","params":{"block_id":{"block_number":3},"class_hashes":["0x7dc7899aa655b0aae51eadff6d801a58e97dd99cf4666ee59e704249e51adf2"],"contract_addresses":[],"contracts_storage_keys":[]}}
{"id":1,"jsonrpc":"2.0","method":"starknet_getStorageProof","params":{"block_id":{"block_number":3},"class_hashes":["0x2beadba1d1f8e38aa90d6311d620805aab89a252950424c419705ceb0d1c4fb"],"contract_addresses":[],"contracts_storage_keys":[]}}
{"id":1,"jsonrpc":"2.0","method":"starknet_getStorageAt","params":{"contract_address":"0x2","key":"0xa2475bc66197c751d854ea8c39c6ad9781eb284103bcd856b58e6b500078ac","block_id":{"block_number":3}}}
{"id":1,"jsonrpc":"2.0","method":"starknet_getStorageAt","params":{"contract_address":"0x2","key":"0x67840c21d0d3cba9ed504d8867dffe868f3d43708cfc0d7ed7980b511850070","block_id":{"block_number":3}}}
{"id":1,"jsonrpc":"2.0","method":"starknet_getStorageAt","params":{"contract_address":"0x2","key":"0x1f401c745d3dba9b9da11921d1fb006c96f571e9039a0ece3f3b0dc14f04c3d","block_id":{"block_number":3}}}
{"id":1,"jsonrpc":"2.0","method":"starknet_getStorageAt","params":{"contract_address":"0x2","key":"0x2e7442625bab778683501c0eadbc1ea17b3535da040a12ac7d281066e915eea","block_id":{"block_number":3}}}
{"id":1,"jsonrpc":"2.0","method":"starknet_getStorageAt","params":{"contract_address":"0x2","key":"0x0","block_id":{"block_number":3}}}
{"id":1,"jsonrpc":"2.0","method":"starknet_getStorageAt","params":{"contract_address":"0x2","key":"0x7b62949c85c6af8a50c11c22927f9302f7a2e40bc93b4c988415915b0f97f09","block_id":{"block_number":3}}}
{"id":1,"jsonrpc":"2.0","method":"starknet_getStorageAt","params":{"contract_address":"0x2","key":"0x7dc7899aa655b0aae51eadff6d801a58e97dd99cf4666ee59e704249e51adf2","block_id":{"block_number":3}}}
{"id":1,"jsonrpc":"2.0","method":"starknet_getStorageAt","params":{"contract_address":"0x2","key":"0x1379ac0624b939ceb9dede92211d7db5ee174fe28be72245b0a1a2abd81c98f","block_id":{"block_number":3}}}
{"id":1,"jsonrpc":"2.0","method":"starknet_getStorageAt","params":{"contract_address":"0x2","key":"0x67840c21d0d3cba9ed504d8867dffe868f3d43708cfc0d7ed7980b511850071","block_id":{"block_number":3}}}
{"id":1,"jsonrpc":"2.0","method":"starknet_getStorageAt","params":{"contract_address":"0x2","key":"0x2beadba1d1f8e38aa90d6311d620805aab89a252950424c419705ceb0d1c4fb","block_id":{"block_number":3}}}
{"id":1,"jsonrpc":"2.0","method":"starknet_getStorageAt","params":{"contract_address":"0x2","key":"0x7b62949c85c6af8a50c11c22927f9302f7a2e40bc93b4c988415915b0f97f0a","block_id":{"block_number":3}}}
{"id":1,"jsonrpc":"2.0","method":"starknet_getStorageAt","params":{"contract_address":"0x2e7442625bab778683501c0eadbc1ea17b3535da040a12ac7d281066e915eea","key":"0x7b62949c85c6af8a50c11c22927f9302f7a2e40bc93b4c988415915b0f97f09","block_id":{"block_number":3}}}
{"id":1,"jsonrpc":"2.0","method":"starknet_getStorageAt","params":{"contract_address":"0x2e7442625bab778683501c0eadbc1ea17b3535da040a12ac7d281066e915eea","key":"0x7b62949c85c6af8a50c11c22927f9302f7a2e40bc93b4c988415915b0f97f0a","block_id":{"block_number":3}}}
{"id":1,"jsonrpc":"2.0","method":"starknet_getStorageAt","params":{"contract_address":"0x2e7442625bab778683501c0eadbc1ea17b3535da040a12ac7d281066e915eea","key":"0x67840c21d0d3cba9ed504d8867dffe868f3d43708cfc0d7ed7980b511850070","block_id":{"block_number":3}}}
{"id":1,"jsonrpc":"2.0","method":"starknet_getStorageAt","params":{"contract_address":"0x2e7442625bab778683501c0eadbc1ea17b3535da040a12ac7d281066e915eea","key":"0x67840c21d0d3cba9ed504d8867dffe868f3d43708cfc0d7ed7980b511850071","block_id":{"block_number":3}}}
{"id":1,"jsonrpc":"2.0","method":"starknet_getStorageAt","params":{"contract_address":"0x1","key":"0x0","block_id":{"block_number":3}}}
{"id":1,"jsonrpc":"2.0","method":"starknet_getStorageAt","params":{"contract_address":"0x1f401c745d3dba9b9da11921d1fb006c96f571e9039a0ece3f3b0dc14f04c3d","key":"0x1379ac0624b939ceb9dede92211d7db5ee174fe28be72245b0a1a2abd81c98f","block_id":{"block_number":3}}}
{"id":1,"jsonrpc":"2.0","method":"starknet_getNonce","params":{"block_id":{"block_number":3},"contract_address":"0x1f401c745d3dba9b9da11921d1fb006c96f571e9039a0ece3f3b0dc14f04c3d"}}
{"id":1,"jsonrpc":"2.0","method":"starknet_getNonce","params":{"block_id":{"block_number":3},"contract_address":"0x2"}}
{"id":1,"jsonrpc":"2.0","method":"starknet_getNonce","params":{"block_id":{"block_number":3},"contract_address":"0x1"}}
{"id":1,"jsonrpc":"2.0","method":"starknet_getNonce","params":{"block_id":{"block_number":3},"contract_address":"0x2e7442625bab778683501c0eadbc1ea17b3535da040a12ac7d281066e915eea"}}
{"id":1,"jsonrpc":"2.0","method":"starknet_getClassHashAt","params":{"block_id":{"block_number":3},"contract_address":"0x1f401c745d3dba9b9da11921d1fb006c96f571e9039a0ece3f3b0dc14f04c3d"}}
{"id":1,"jsonrpc":"2.0","method":"starknet_getClassHashAt","params":{"block_id":{"block_number":3},"contract_address":"0x2e7442625bab778683501c0eadbc1ea17b3535da040a12ac7d281066e915eea"}}
{"id":1,"jsonrpc":"2.0","method":"starknet_getClass","params":{"block_id":{"block_number":3},"class_hash":"0x2beadba1d1f8e38aa90d6311d620805aab89a252950424c419705ceb0d1c4fb"}}
{"id":1,"jsonrpc":"2.0","method":"starknet_getClass","params":{"block_id":{"block_number":3},"class_hash":"0x7dc7899aa655b0aae51eadff6d801a58e97dd99cf4666ee59e704249e51adf2"}}
{"id":1,"jsonrpc":"2.0","method":"starknet_getClass","params":{"block_id":{"block_number":3},"class_hash":"0xa2475bc66197c751d854ea8c39c6ad9781eb284103bcd856b58e6b500078ac"}}
