{"starknet_chainId","params":[]}
{"starknet_getBlockWithTxs","params":{"block_id":{"block_number":3}}}
{"starknet_getBlockWithTxHashes","params":{"block_id":{"block_number":2}}}
{"starknet_getBlockWithTxHashes","params":{"block_id":{"block_number":0}}}
{"starknet_traceBlockTransactions","params":{"block_id":{"block_number":3}}}
{"starknet_getClass","params":{"block_id":{"block_number":3},"class_hash":"0x230eecc57fafed34e962a655d958411f9e84bdf1c3abf223dde7bd93f346d9b"}}
{"starknet_getNonce","params":{"block_id":{"block_number":2},"contract_address":"0x1f401c745d3dba9b9da11921d1fb006c96f571e9039a0ece3f3b0dc14f04c3d"}}
{"starknet_getStorageAt","params":{"contract_address":"0x2e7442625bab778683501c0eadbc1ea17b3535da040a12ac7d281066e915eea","key":"0x67840c21d0d3cba9ed504d8867dffe868f3d43708cfc0d7ed7980b511850070","block_id":{"block_number":2}}}
{"starknet_getStorageAt","params":{"contract_address":"0x2e7442625bab778683501c0eadbc1ea17b3535da040a12ac7d281066e915eea","key":"0x67840c21d0d3cba9ed504d8867dffe868f3d43708cfc0d7ed7980b511850071","block_id":{"block_number":2}}}
{"starknet_getClassHashAt","params":{"block_id":{"block_number":2},"contract_address":"0x1f401c745d3dba9b9da11921d1fb006c96f571e9039a0ece3f3b0dc14f04c3d"}}
{"starknet_getClass","params":{"block_id":{"block_number":2},"class_hash":"0x7dc7899aa655b0aae51eadff6d801a58e97dd99cf4666ee59e704249e51adf2"}}
{"starknet_getStorageAt","params":{"contract_address":"0x1f401c745d3dba9b9da11921d1fb006c96f571e9039a0ece3f3b0dc14f04c3d","key":"0x1379ac0624b939ceb9dede92211d7db5ee174fe28be72245b0a1a2abd81c98f","block_id":{"block_number":2}}}
{"starknet_getClass","params":{"block_id":{"block_number":2},"class_hash":"0x230eecc57fafed34e962a655d958411f9e84bdf1c3abf223dde7bd93f346d9b"}}
{"starknet_getClassHashAt","params":{"block_id":{"block_number":2},"contract_address":"0x2e7442625bab778683501c0eadbc1ea17b3535da040a12ac7d281066e915eea"}}
{"starknet_getClass","params":{"block_id":{"block_number":2},"class_hash":"0xa2475bc66197c751d854ea8c39c6ad9781eb284103bcd856b58e6b500078ac"}}
{"starknet_getStorageAt","params":{"contract_address":"0x2e7442625bab778683501c0eadbc1ea17b3535da040a12ac7d281066e915eea","key":"0x7b62949c85c6af8a50c11c22927f9302f7a2e40bc93b4c988415915b0f97f09","block_id":{"block_number":2}}}
{"starknet_getStorageAt","params":{"contract_address":"0x2e7442625bab778683501c0eadbc1ea17b3535da040a12ac7d281066e915eea","key":"0x7b62949c85c6af8a50c11c22927f9302f7a2e40bc93b4c988415915b0f97f0a","block_id":{"block_number":2}}}
{"starknet_getStateUpdate","params":{"block_id":{"block_number":3}}}
{"starknet_getClassHashAt","params":{"block_id":{"block_number":2},"contract_address":"0x1f401c745d3dba9b9da11921d1fb006c96f571e9039a0ece3f3b0dc14f04c3d"}}
{"starknet_getClassHashAt","params":{"block_id":{"block_number":3},"contract_address":"0x1f401c745d3dba9b9da11921d1fb006c96f571e9039a0ece3f3b0dc14f04c3d"}}
{"starknet_getClassHashAt","params":{"block_id":{"block_number":2},"contract_address":"0x2e7442625bab778683501c0eadbc1ea17b3535da040a12ac7d281066e915eea"}}
{"starknet_getClassHashAt","params":{"block_id":{"block_number":3},"contract_address":"0x2e7442625bab778683501c0eadbc1ea17b3535da040a12ac7d281066e915eea"}}
{"starknet_getClass","params":{"block_id":{"block_number":2},"class_hash":"0x7dc7899aa655b0aae51eadff6d801a58e97dd99cf4666ee59e704249e51adf2"}}
{"starknet_getClass","params":{"block_id":{"block_number":3},"class_hash":"0x7dc7899aa655b0aae51eadff6d801a58e97dd99cf4666ee59e704249e51adf2"}}
{"starknet_getClass","params":{"block_id":{"block_number":2},"class_hash":"0xa2475bc66197c751d854ea8c39c6ad9781eb284103bcd856b58e6b500078ac"}}
{"starknet_getClass","params":{"block_id":{"block_number":3},"class_hash":"0xa2475bc66197c751d854ea8c39c6ad9781eb284103bcd856b58e6b500078ac"}}
{"starknet_getClass","params":{"block_id":{"block_number":3},"class_hash":"0x7dc7899aa655b0aae51eadff6d801a58e97dd99cf4666ee59e704249e51adf2"}}
{"starknet_getClass","params":{"block_id":{"block_number":3},"class_hash":"0xa2475bc66197c751d854ea8c39c6ad9781eb284103bcd856b58e6b500078ac"}}
{"starknet_getClass","params":{"block_id":{"block_number":3},"class_hash":"0x230eecc57fafed34e962a655d958411f9e84bdf1c3abf223dde7bd93f346d9b"}}
{"starknet_getStorageProof","params":{"block_id":{"block_number":3},"class_hashes":[],"contract_addresses":["0x2"],"contracts_storage_keys":[{"contract_address":"0x2","storage_keys":["0x67840c21d0d3cba9ed504d8867dffe868f3d43708cfc0d7ed7980b511850070","0x7b62949c85c6af8a50c11c22927f9302f7a2e40bc93b4c988415915b0f97f09","0x7dc7899aa655b0aae51eadff6d801a58e97dd99cf4666ee59e704249e51adf2","0x7b62949c85c6af8a50c11c22927f9302f7a2e40bc93b4c988415915b0f97f0a","0x1379ac0624b939ceb9dede92211d7db5ee174fe28be72245b0a1a2abd81c98f","0xa2475bc66197c751d854ea8c39c6ad9781eb284103bcd856b58e6b500078ac","0x230eecc57fafed34e962a655d958411f9e84bdf1c3abf223dde7bd93f346d9b","0x2e7442625bab778683501c0eadbc1ea17b3535da040a12ac7d281066e915eea","0x1f401c745d3dba9b9da11921d1fb006c96f571e9039a0ece3f3b0dc14f04c3d","0x0","0x67840c21d0d3cba9ed504d8867dffe868f3d43708cfc0d7ed7980b511850071"]}]}}
{"starknet_getStorageProof","params":{"block_id":{"block_number":3},"class_hashes":[],"contract_addresses":["0x2"],"contracts_storage_keys":[{"contract_address":"0x2","storage_keys":["0x7dd7240cedfebc99e07b3fc062abd0c5c51fbb2745835dd8599ff588148933a","0x7b62949c85c6af8a50c11c22927f9302f7a2e40bc93b4c988415915b0f97f09","0xb6ce5410fca59d078ee9b2a4371a9d684c530d697c64fbef0ae6d5e8f0ac72","0x2f0eecc57fafed34e962a655d958411f9e84bdf1c3abf223dde7bd93f346d9b","0x67840c21d0d3cba9ed504d8867dffe868f3d43708cfc0d7ed7980b511850070"]}]}}
{"starknet_getStorageProof","params":{"block_id":{"block_number":3},"class_hashes":[],"contract_addresses":["0x2e7442625bab778683501c0eadbc1ea17b3535da040a12ac7d281066e915eea"],"contracts_storage_keys":[{"contract_address":"0x2e7442625bab778683501c0eadbc1ea17b3535da040a12ac7d281066e915eea","storage_keys":["0x67840c21d0d3cba9ed504d8867dffe868f3d43708cfc0d7ed7980b511850071","0x7b62949c85c6af8a50c11c22927f9302f7a2e40bc93b4c988415915b0f97f0a","0x7b62949c85c6af8a50c11c22927f9302f7a2e40bc93b4c988415915b0f97f09","0x67840c21d0d3cba9ed504d8867dffe868f3d43708cfc0d7ed7980b511850070"]}]}}
{"starknet_getStorageProof","params":{"block_id":{"block_number":3},"class_hashes":[],"contract_addresses":["0x2e7442625bab778683501c0eadbc1ea17b3535da040a12ac7d281066e915eea"],"contracts_storage_keys":[{"contract_address":"0x2e7442625bab778683501c0eadbc1ea17b3535da040a12ac7d281066e915eea","storage_keys":["0x67840c21d0d3cba9ed504d8867dffe868f3d43708cfc0d7ed7980b511850070","0x7b62949c85c6af8a50c11c22927f9302f7a2e40bc93b4c988415915b0f97f09"]}]}}
{"starknet_getStorageProof","params":{"block_id":{"block_number":3},"class_hashes":[],"contract_addresses":["0x1"],"contracts_storage_keys":[{"contract_address":"0x1","storage_keys":["0x0"]}]}}
{"starknet_getStorageProof","params":{"block_id":{"block_number":3},"class_hashes":[],"contract_addresses":["0x1f401c745d3dba9b9da11921d1fb006c96f571e9039a0ece3f3b0dc14f04c3d"],"contracts_storage_keys":[{"contract_address":"0x1f401c745d3dba9b9da11921d1fb006c96f571e9039a0ece3f3b0dc14f04c3d","storage_keys":["0x1379ac0624b939ceb9dede92211d7db5ee174fe28be72245b0a1a2abd81c98f"]}]}}
{"starknet_getStorageProof","params":{"block_id":{"block_number":2},"class_hashes":[],"contract_addresses":["0x2"],"contracts_storage_keys":[{"contract_address":"0x2","storage_keys":["0x67840c21d0d3cba9ed504d8867dffe868f3d43708cfc0d7ed7980b511850070","0x7b62949c85c6af8a50c11c22927f9302f7a2e40bc93b4c988415915b0f97f09","0x7dc7899aa655b0aae51eadff6d801a58e97dd99cf4666ee59e704249e51adf2","0x7b62949c85c6af8a50c11c22927f9302f7a2e40bc93b4c988415915b0f97f0a","0x1379ac0624b939ceb9dede92211d7db5ee174fe28be72245b0a1a2abd81c98f","0xa2475bc66197c751d854ea8c39c6ad9781eb284103bcd856b58e6b500078ac","0x230eecc57fafed34e962a655d958411f9e84bdf1c3abf223dde7bd93f346d9b","0x2e7442625bab778683501c0eadbc1ea17b3535da040a12ac7d281066e915eea","0x1f401c745d3dba9b9da11921d1fb006c96f571e9039a0ece3f3b0dc14f04c3d","0x0","0x67840c21d0d3cba9ed504d8867dffe868f3d43708cfc0d7ed7980b511850071"]}]}}
{"starknet_getStorageProof","params":{"block_id":{"block_number":2},"class_hashes":[],"contract_addresses":["0x2"],"contracts_storage_keys":[{"contract_address":"0x2","storage_keys":["0x7dd7240cedfebc99e07b3fc062abd0c5c51fbb2745835dd8599ff588148933a","0x7b62949c85c6af8a50c11c22927f9302f7a2e40bc93b4c988415915b0f97f09","0xb6ce5410fca59d078ee9b2a4371a9d684c530d697c64fbef0ae6d5e8f0ac72","0x2f0eecc57fafed34e962a655d958411f9e84bdf1c3abf223dde7bd93f346d9b","0x67840c21d0d3cba9ed504d8867dffe868f3d43708cfc0d7ed7980b511850070"]}]}}
{"starknet_getStorageProof","params":{"block_id":{"block_number":2},"class_hashes":[],"contract_addresses":["0x2e7442625bab778683501c0eadbc1ea17b3535da040a12ac7d281066e915eea"],"contracts_storage_keys":[{"contract_address":"0x2e7442625bab778683501c0eadbc1ea17b3535da040a12ac7d281066e915eea","storage_keys":["0x67840c21d0d3cba9ed504d8867dffe868f3d43708cfc0d7ed7980b511850071","0x7b62949c85c6af8a50c11c22927f9302f7a2e40bc93b4c988415915b0f97f0a","0x7b62949c85c6af8a50c11c22927f9302f7a2e40bc93b4c988415915b0f97f09","0x67840c21d0d3cba9ed504d8867dffe868f3d43708cfc0d7ed7980b511850070"]}]}}
{"starknet_getStorageProof","params":{"block_id":{"block_number":2},"class_hashes":[],"contract_addresses":["0x2e7442625bab778683501c0eadbc1ea17b3535da040a12ac7d281066e915eea"],"contracts_storage_keys":[{"contract_address":"0x2e7442625bab778683501c0eadbc1ea17b3535da040a12ac7d281066e915eea","storage_keys":["0x67840c21d0d3cba9ed504d8867dffe868f3d43708cfc0d7ed7980b511850070","0x7b62949c85c6af8a50c11c22927f9302f7a2e40bc93b4c988415915b0f97f09"]}]}}
{"starknet_getStorageProof","params":{"block_id":{"block_number":2},"class_hashes":[],"contract_addresses":["0x1"],"contracts_storage_keys":[{"contract_address":"0x1","storage_keys":["0x0"]}]}}
{"starknet_getStorageProof","params":{"block_id":{"block_number":2},"class_hashes":[],"contract_addresses":["0x1f401c745d3dba9b9da11921d1fb006c96f571e9039a0ece3f3b0dc14f04c3d"],"contracts_storage_keys":[{"contract_address":"0x1f401c745d3dba9b9da11921d1fb006c96f571e9039a0ece3f3b0dc14f04c3d","storage_keys":["0x1379ac0624b939ceb9dede92211d7db5ee174fe28be72245b0a1a2abd81c98f"]}]}}
{"starknet_getStorageProof","params":{"block_id":{"block_number":3},"class_hashes":["0x7dc7899aa655b0aae51eadff6d801a58e97dd99cf4666ee59e704249e51adf2"],"contract_addresses":[],"contracts_storage_keys":[]}}
{"starknet_getStorageProof","params":{"block_id":{"block_number":3},"class_hashes":["0x230eecc57fafed34e962a655d958411f9e84bdf1c3abf223dde7bd93f346d9b"],"contract_addresses":[],"contracts_storage_keys":[]}}
{"starknet_getStorageProof","params":{"block_id":{"block_number":2},"class_hashes":["0x7dc7899aa655b0aae51eadff6d801a58e97dd99cf4666ee59e704249e51adf2"],"contract_addresses":[],"contracts_storage_keys":[]}}
{"starknet_getStorageProof","params":{"block_id":{"block_number":2},"class_hashes":["0x230eecc57fafed34e962a655d958411f9e84bdf1c3abf223dde7bd93f346d9b"],"contract_addresses":[],"contracts_storage_keys":[]}}
{"starknet_getStorageAt","params":{"contract_address":"0x2","key":"0x67840c21d0d3cba9ed504d8867dffe868f3d43708cfc0d7ed7980b511850070","block_id":{"block_number":2}}}
{"starknet_getStorageAt","params":{"contract_address":"0x2","key":"0x7b62949c85c6af8a50c11c22927f9302f7a2e40bc93b4c988415915b0f97f09","block_id":{"block_number":2}}}
{"starknet_getStorageAt","params":{"contract_address":"0x2","key":"0x7dc7899aa655b0aae51eadff6d801a58e97dd99cf4666ee59e704249e51adf2","block_id":{"block_number":2}}}
{"starknet_getStorageAt","params":{"contract_address":"0x2","key":"0x7b62949c85c6af8a50c11c22927f9302f7a2e40bc93b4c988415915b0f97f0a","block_id":{"block_number":2}}}
{"starknet_getStorageAt","params":{"contract_address":"0x2","key":"0x1379ac0624b939ceb9dede92211d7db5ee174fe28be72245b0a1a2abd81c98f","block_id":{"block_number":2}}}
{"starknet_getStorageAt","params":{"contract_address":"0x2","key":"0xa2475bc66197c751d854ea8c39c6ad9781eb284103bcd856b58e6b500078ac","block_id":{"block_number":2}}}
{"starknet_getStorageAt","params":{"contract_address":"0x2","key":"0x230eecc57fafed34e962a655d958411f9e84bdf1c3abf223dde7bd93f346d9b","block_id":{"block_number":2}}}
{"starknet_getStorageAt","params":{"contract_address":"0x2","key":"0x2e7442625bab778683501c0eadbc1ea17b3535da040a12ac7d281066e915eea","block_id":{"block_number":2}}}
{"starknet_getStorageAt","params":{"contract_address":"0x2","key":"0x1f401c745d3dba9b9da11921d1fb006c96f571e9039a0ece3f3b0dc14f04c3d","block_id":{"block_number":2}}}
{"starknet_getStorageAt","params":{"contract_address":"0x2","key":"0x0","block_id":{"block_number":2}}}
{"starknet_getStorageAt","params":{"contract_address":"0x2","key":"0x67840c21d0d3cba9ed504d8867dffe868f3d43708cfc0d7ed7980b511850071","block_id":{"block_number":2}}}
{"starknet_getStorageAt","params":{"contract_address":"0x2e7442625bab778683501c0eadbc1ea17b3535da040a12ac7d281066e915eea","key":"0x67840c21d0d3cba9ed504d8867dffe868f3d43708cfc0d7ed7980b511850071","block_id":{"block_number":2}}}
{"starknet_getStorageAt","params":{"contract_address":"0x2e7442625bab778683501c0eadbc1ea17b3535da040a12ac7d281066e915eea","key":"0x7b62949c85c6af8a50c11c22927f9302f7a2e40bc93b4c988415915b0f97f0a","block_id":{"block_number":2}}}
{"starknet_getStorageAt","params":{"contract_address":"0x2e7442625bab778683501c0eadbc1ea17b3535da040a12ac7d281066e915eea","key":"0x7b62949c85c6af8a50c11c22927f9302f7a2e40bc93b4c988415915b0f97f09","block_id":{"block_number":2}}}
{"starknet_getStorageAt","params":{"contract_address":"0x2e7442625bab778683501c0eadbc1ea17b3535da040a12ac7d281066e915eea","key":"0x67840c21d0d3cba9ed504d8867dffe868f3d43708cfc0d7ed7980b511850070","block_id":{"block_number":2}}}
{"starknet_getStorageAt","params":{"contract_address":"0x1","key":"0x0","block_id":{"block_number":2}}}
{"starknet_getStorageAt","params":{"contract_address":"0x1f401c745d3dba9b9da11921d1fb006c96f571e9039a0ece3f3b0dc14f04c3d","key":"0x1379ac0624b939ceb9dede92211d7db5ee174fe28be72245b0a1a2abd81c98f","block_id":{"block_number":2}}}
{"starknet_getNonce","params":{"block_id":{"block_number":2},"contract_address":"0x1"}}
{"starknet_getNonce","params":{"block_id":{"block_number":2},"contract_address":"0x2"}}
{"starknet_getNonce","params":{"block_id":{"block_number":2},"contract_address":"0x2e7442625bab778683501c0eadbc1ea17b3535da040a12ac7d281066e915eea"}}
{"starknet_getNonce","params":{"block_id":{"block_number":2},"contract_address":"0x1f401c745d3dba9b9da11921d1fb006c96f571e9039a0ece3f3b0dc14f04c3d"}}
{"starknet_getClassHashAt","params":{"block_id":{"block_number":2},"contract_address":"0x2e7442625bab778683501c0eadbc1ea17b3535da040a12ac7d281066e915eea"}}
{"starknet_getClassHashAt","params":{"block_id":{"block_number":2},"contract_address":"0x1f401c745d3dba9b9da11921d1fb006c96f571e9039a0ece3f3b0dc14f04c3d"}}
{"starknet_getClass","params":{"block_id":{"block_number":2},"class_hash":"0x230eecc57fafed34e962a655d958411f9e84bdf1c3abf223dde7bd93f346d9b"}}
{"starknet_getClass","params":{"block_id":{"block_number":2},"class_hash":"0x7dc7899aa655b0aae51eadff6d801a58e97dd99cf4666ee59e704249e51adf2"}}
{"starknet_getClass","params":{"block_id":{"block_number":2},"class_hash":"0xa2475bc66197c751d854ea8c39c6ad9781eb284103bcd856b58e6b500078ac"}}
